-- Automatically generated by TPCDSQueryValidator$
-RECORD 0--------------------------
 c_last_name      |                
 c_first_name     |                
 ca_city          |                
 bought_city      | Bunker Hill    
 ss_ticket_number | 133136         
 amt              | 4983.83        
 profit           | -11549.37      
-RECORD 1--------------------------
 c_last_name      |                
 c_first_name     |                
 ca_city          |                
 bought_city      | Plainview      
 ss_ticket_number | 1459           
 amt              | 0.00           
 profit           | -3836.32       
-RECORD 2--------------------------
 c_last_name      |                
 c_first_name     |                
 ca_city          |                
 bought_city      | Red Hill       
 ss_ticket_number | 93581          
 amt              | 258.51         
 profit           | -4603.87       
-RECORD 3--------------------------
 c_last_name      |                
 c_first_name     |                
 ca_city          |                
 bought_city      | Red Hill       
 ss_ticket_number | 126394         
 amt              | 0.00           
 profit           | -7598.00       
-RECORD 4--------------------------
 c_last_name      |                
 c_first_name     |                
 ca_city          | Antioch        
 bought_city      | Belmont        
 ss_ticket_number | 149232         
 amt              | 1500.41        
 profit           | -3669.87       
-RECORD 5--------------------------
 c_last_name      |                
 c_first_name     |                
 ca_city          | Ashland        
 bought_city      | Philadelphia   
 ss_ticket_number | 155902         
 amt              | 2303.72        
 profit           | -9449.87       
-RECORD 6--------------------------
 c_last_name      |                
 c_first_name     |                
 ca_city          | Bayview        
 bought_city      | Springdale     
 ss_ticket_number | 162862         
 amt              | 529.16         
 profit           | -18595.60      
-RECORD 7--------------------------
 c_last_name      |                
 c_first_name     |                
 ca_city          | Belleview      
 bought_city      | Nichols        
 ss_ticket_number | 59976          
 amt              | 13402.13       
 profit           | -15556.69      
-RECORD 8--------------------------
 c_last_name      |                
 c_first_name     |                
 ca_city          | Blair          
 bought_city      | Hamilton       
 ss_ticket_number | 206536         
 amt              | 0.00           
 profit           | -1287.17       
-RECORD 9--------------------------
 c_last_name      |                
 c_first_name     |                
 ca_city          | Brownsville    
 bought_city      | Bunker Hill    
 ss_ticket_number | 159429         
 amt              | 4557.21        
 profit           | -21733.27      
-RECORD 10-------------------------
 c_last_name      |                
 c_first_name     |                
 ca_city          | Brownsville    
 bought_city      | Mechanicsburg  
 ss_ticket_number | 60829          
 amt              | 2340.86        
 profit           | -7083.55       
-RECORD 11-------------------------
 c_last_name      |                
 c_first_name     |                
 ca_city          | Brunswick      
 bought_city      | Mountain View  
 ss_ticket_number | 123733         
 amt              | 2956.13        
 profit           | -17208.64      
-RECORD 12-------------------------
 c_last_name      |                
 c_first_name     |                
 ca_city          | Buckingham     
 bought_city      | Siloam         
 ss_ticket_number | 93903          
 amt              | 319.04         
 profit           | -8652.20       
-RECORD 13-------------------------
 c_last_name      |                
 c_first_name     |                
 ca_city          | Bunker Hill    
 bought_city      | Antioch        
 ss_ticket_number | 199878         
 amt              | 0.00           
 profit           | -773.27        
-RECORD 14-------------------------
 c_last_name      |                
 c_first_name     |                
 ca_city          | Bunker Hill    
 bought_city      | Greenfield     
 ss_ticket_number | 127182         
 amt              | 862.70         
 profit           | -15471.32      
-RECORD 15-------------------------
 c_last_name      |                
 c_first_name     |                
 ca_city          | Bunker Hill    
 bought_city      | Hopewell       
 ss_ticket_number | 53497          
 amt              | 1896.43        
 profit           | -14367.16      
-RECORD 16-------------------------
 c_last_name      |                
 c_first_name     |                
 ca_city          | Cedar Grove    
 bought_city      | Jackson        
 ss_ticket_number | 81259          
 amt              | 8.55           
 profit           | -11335.94      
-RECORD 17-------------------------
 c_last_name      |                
 c_first_name     |                
 ca_city          | Centerville    
 bought_city      | Bethel         
 ss_ticket_number | 210801         
 amt              | 6002.21        
 profit           | -18193.72      
-RECORD 18-------------------------
 c_last_name      |                
 c_first_name     |                
 ca_city          | Centerville    
 bought_city      | Mount Olive    
 ss_ticket_number | 66053          
 amt              | 2445.21        
 profit           | -8995.89       
-RECORD 19-------------------------
 c_last_name      |                
 c_first_name     |                
 ca_city          | Centerville    
 bought_city      | Mount Zion     
 ss_ticket_number | 83650          
 amt              | 3896.13        
 profit           | -11148.64      
-RECORD 20-------------------------
 c_last_name      |                
 c_first_name     |                
 ca_city          | Centerville    
 bought_city      | Providence     
 ss_ticket_number | 62604          
 amt              | 156.21         
 profit           | -13626.64      
-RECORD 21-------------------------
 c_last_name      |                
 c_first_name     |                
 ca_city          | Clifford       
 bought_city      |                
 ss_ticket_number | 129227         
 amt              | 3169.89        
 profit           | -16776.31      
-RECORD 22-------------------------
 c_last_name      |                
 c_first_name     |                
 ca_city          | Clifton        
 bought_city      | Mount Vernon   
 ss_ticket_number | 95501          
 amt              | 3283.17        
 profit           | -13463.75      
-RECORD 23-------------------------
 c_last_name      |                
 c_first_name     |                
 ca_city          | Concord        
 bought_city      | Stringtown     
 ss_ticket_number | 97052          
 amt              | 2949.46        
 profit           | -762.97        
-RECORD 24-------------------------
 c_last_name      |                
 c_first_name     |                
 ca_city          | Cordova        
 bought_city      | Crossroads     
 ss_ticket_number | 85385          
 amt              | 38.97          
 profit           | -1522.58       
-RECORD 25-------------------------
 c_last_name      |                
 c_first_name     |                
 ca_city          | Crossroads     
 bought_city      | Buena Vista    
 ss_ticket_number | 221999         
 amt              | 6605.50        
 profit           | -14108.43      
-RECORD 26-------------------------
 c_last_name      |                
 c_first_name     |                
 ca_city          | Crossroads     
 bought_city      | Unionville     
 ss_ticket_number | 58203          
 amt              | 1393.55        
 profit           | -11986.88      
-RECORD 27-------------------------
 c_last_name      |                
 c_first_name     |                
 ca_city          | Deerfield      
 bought_city      | Riverside      
 ss_ticket_number | 226924         
 amt              | 1511.10        
 profit           | -12462.44      
-RECORD 28-------------------------
 c_last_name      |                
 c_first_name     |                
 ca_city          | Derby          
 bought_city      | Riverdale      
 ss_ticket_number | 140237         
 amt              | 4006.86        
 profit           | -7955.30       
-RECORD 29-------------------------
 c_last_name      |                
 c_first_name     |                
 ca_city          | Edgewood       
 bought_city      | Hopewell       
 ss_ticket_number | 167421         
 amt              | 3066.70        
 profit           | -20260.27      
-RECORD 30-------------------------
 c_last_name      |                
 c_first_name     |                
 ca_city          | Empire         
 bought_city      | Five Forks     
 ss_ticket_number | 43396          
 amt              | 1194.37        
 profit           | -7701.69       
-RECORD 31-------------------------
 c_last_name      |                
 c_first_name     |                
 ca_city          | Empire         
 bought_city      | Midway         
 ss_ticket_number | 165554         
 amt              | 258.33         
 profit           | -16775.39      
-RECORD 32-------------------------
 c_last_name      |                
 c_first_name     |                
 ca_city          | Enterprise     
 bought_city      | Highland Park  
 ss_ticket_number | 147688         
 amt              | 2213.54        
 profit           | -1680.47       
-RECORD 33-------------------------
 c_last_name      |                
 c_first_name     |                
 ca_city          | Enterprise     
 bought_city      | Red Hill       
 ss_ticket_number | 115200         
 amt              | 7016.43        
 profit           | -19331.97      
-RECORD 34-------------------------
 c_last_name      |                
 c_first_name     |                
 ca_city          | Fairfield      
 bought_city      | Bridgeport     
 ss_ticket_number | 13112          
 amt              | 1111.88        
 profit           | -10033.40      
-RECORD 35-------------------------
 c_last_name      |                
 c_first_name     |                
 ca_city          | Fairfield      
 bought_city      | Midway         
 ss_ticket_number | 671            
 amt              | 438.90         
 profit           | 2207.18        
-RECORD 36-------------------------
 c_last_name      |                
 c_first_name     |                
 ca_city          | Fairfield      
 bought_city      | Shiloh         
 ss_ticket_number | 149867         
 amt              | 2723.49        
 profit           | -7041.50       
-RECORD 37-------------------------
 c_last_name      |                
 c_first_name     |                
 ca_city          | Fairfield      
 bought_city      | Springdale     
 ss_ticket_number | 66752          
 amt              | 3844.64        
 profit           | -8300.75       
-RECORD 38-------------------------
 c_last_name      |                
 c_first_name     |                
 ca_city          | Fairview       
 bought_city      | Florence       
 ss_ticket_number | 90439          
 amt              | 7932.81        
 profit           | -18236.19      
-RECORD 39-------------------------
 c_last_name      |                
 c_first_name     |                
 ca_city          | Five Forks     
 bought_city      | Lakewood       
 ss_ticket_number | 186991         
 amt              | 4960.22        
 profit           | -10929.93      
-RECORD 40-------------------------
 c_last_name      |                
 c_first_name     |                
 ca_city          | Five Forks     
 bought_city      | Shady Grove    
 ss_ticket_number | 239479         
 amt              | 374.43         
 profit           | -21828.49      
-RECORD 41-------------------------
 c_last_name      |                
 c_first_name     |                
 ca_city          | Five Points    
 bought_city      | Union Hill     
 ss_ticket_number | 57715          
 amt              | 3618.57        
 profit           | -14013.63      
-RECORD 42-------------------------
 c_last_name      |                
 c_first_name     |                
 ca_city          | Florence       
 bought_city      | Edgewood       
 ss_ticket_number | 110370         
 amt              | 434.48         
 profit           | -7367.45       
-RECORD 43-------------------------
 c_last_name      |                
 c_first_name     |                
 ca_city          | Florence       
 bought_city      | Oak Ridge      
 ss_ticket_number | 45989          
 amt              | 164.64         
 profit           | -13462.57      
-RECORD 44-------------------------
 c_last_name      |                
 c_first_name     |                
 ca_city          | Florence       
 bought_city      | Spring Hill    
 ss_ticket_number | 104935         
 amt              | 40.79          
 profit           | -9961.14       
-RECORD 45-------------------------
 c_last_name      |                
 c_first_name     |                
 ca_city          | Forest Hills   
 bought_city      | Argyle         
 ss_ticket_number | 139387         
 amt              | 508.08         
 profit           | -3990.97       
-RECORD 46-------------------------
 c_last_name      |                
 c_first_name     |                
 ca_city          | Forest Hills   
 bought_city      | Ashland        
 ss_ticket_number | 214771         
 amt              | 1585.36        
 profit           | -2846.81       
-RECORD 47-------------------------
 c_last_name      |                
 c_first_name     |                
 ca_city          | Forest Hills   
 bought_city      | Riverside      
 ss_ticket_number | 184229         
 amt              | 2485.60        
 profit           | -7673.40       
-RECORD 48-------------------------
 c_last_name      |                
 c_first_name     |                
 ca_city          | Franklin       
 bought_city      | Floyd          
 ss_ticket_number | 230648         
 amt              | 791.64         
 profit           | -8627.59       
-RECORD 49-------------------------
 c_last_name      |                
 c_first_name     |                
 ca_city          | Friendship     
 bought_city      | Ashland        
 ss_ticket_number | 11043          
 amt              | 382.33         
 profit           | -4808.33       
-RECORD 50-------------------------
 c_last_name      |                
 c_first_name     |                
 ca_city          | Georgetown     
 bought_city      | Clifton        
 ss_ticket_number | 123750         
 amt              | 189.60         
 profit           | -5249.53       
-RECORD 51-------------------------
 c_last_name      |                
 c_first_name     |                
 ca_city          | Georgetown     
 bought_city      | Glendale       
 ss_ticket_number | 27617          
 amt              | 787.61         
 profit           | -8592.30       
-RECORD 52-------------------------
 c_last_name      |                
 c_first_name     |                
 ca_city          | Georgetown     
 bought_city      | Red Hill       
 ss_ticket_number | 234956         
 amt              | 50.90          
 profit           | -12681.22      
-RECORD 53-------------------------
 c_last_name      |                
 c_first_name     |                
 ca_city          | Georgetown     
 bought_city      | Summit         
 ss_ticket_number | 120620         
 amt              | 1005.21        
 profit           | -3159.14       
-RECORD 54-------------------------
 c_last_name      |                
 c_first_name     |                
 ca_city          | Gladstone      
 bought_city      | Hopewell       
 ss_ticket_number | 229820         
 amt              | 184.68         
 profit           | -9366.12       
-RECORD 55-------------------------
 c_last_name      |                
 c_first_name     |                
 ca_city          | Glendale       
 bought_city      | Four Points    
 ss_ticket_number | 167992         
 amt              | 29.32          
 profit           | 3058.64        
-RECORD 56-------------------------
 c_last_name      |                
 c_first_name     |                
 ca_city          | Glendale       
 bought_city      | Indian Village 
 ss_ticket_number | 203729         
 amt              | 3173.01        
 profit           | -5661.90       
-RECORD 57-------------------------
 c_last_name      |                
 c_first_name     |                
 ca_city          | Glendale       
 bought_city      | Marion         
 ss_ticket_number | 51036          
 amt              | 993.75         
 profit           | -10587.28      
-RECORD 58-------------------------
 c_last_name      |                
 c_first_name     |                
 ca_city          | Glendale       
 bought_city      | Mount Pleasant 
 ss_ticket_number | 159389         
 amt              | 2415.56        
 profit           | -12041.36      
-RECORD 59-------------------------
 c_last_name      |                
 c_first_name     |                
 ca_city          | Glendale       
 bought_city      | West Liberty   
 ss_ticket_number | 5509           
 amt              | 694.86         
 profit           | -23013.69      
-RECORD 60-------------------------
 c_last_name      |                
 c_first_name     |                
 ca_city          | Glenwood       
 bought_city      | Antioch        
 ss_ticket_number | 86386          
 amt              | 413.05         
 profit           | -6649.42       
-RECORD 61-------------------------
 c_last_name      |                
 c_first_name     |                
 ca_city          | Glenwood       
 bought_city      | Clinton        
 ss_ticket_number | 4460           
 amt              | 1568.11        
 profit           | -17245.05      
-RECORD 62-------------------------
 c_last_name      |                
 c_first_name     |                
 ca_city          | Glenwood       
 bought_city      | Clinton        
 ss_ticket_number | 90728          
 amt              | 3371.21        
 profit           | -15159.10      
-RECORD 63-------------------------
 c_last_name      |                
 c_first_name     |                
 ca_city          | Granite        
 bought_city      | Clinton        
 ss_ticket_number | 211465         
 amt              | 8156.94        
 profit           | -18944.88      
-RECORD 64-------------------------
 c_last_name      |                
 c_first_name     |                
 ca_city          | Green Acres    
 bought_city      | Avery          
 ss_ticket_number | 191571         
 amt              | 383.26         
 profit           | -7422.35       
-RECORD 65-------------------------
 c_last_name      |                
 c_first_name     |                
 ca_city          | Greenfield     
 bought_city      | Edgewood       
 ss_ticket_number | 69782          
 amt              | 1026.47        
 profit           | -14367.20      
-RECORD 66-------------------------
 c_last_name      |                
 c_first_name     |                
 ca_city          | Greenfield     
 bought_city      | Red Oak        
 ss_ticket_number | 214549         
 amt              | 1610.58        
 profit           | -1902.29       
-RECORD 67-------------------------
 c_last_name      |                
 c_first_name     |                
 ca_city          | Greenfield     
 bought_city      | Riverdale      
 ss_ticket_number | 133538         
 amt              | 9390.10        
 profit           | -15802.28      
-RECORD 68-------------------------
 c_last_name      |                
 c_first_name     |                
 ca_city          | Greenville     
 bought_city      | Mountain View  
 ss_ticket_number | 103238         
 amt              | 4318.13        
 profit           | -4564.09       
-RECORD 69-------------------------
 c_last_name      |                
 c_first_name     |                
 ca_city          | Greenville     
 bought_city      | Shiloh         
 ss_ticket_number | 155915         
 amt              | 0.00           
 profit           | -9362.72       
-RECORD 70-------------------------
 c_last_name      |                
 c_first_name     |                
 ca_city          | Greenwood      
 bought_city      | Bridgeport     
 ss_ticket_number | 228626         
 amt              | 994.35         
 profit           | -11510.47      
-RECORD 71-------------------------
 c_last_name      |                
 c_first_name     |                
 ca_city          | Greenwood      
 bought_city      | Lakeside       
 ss_ticket_number | 37922          
 amt              | 2446.00        
 profit           | -7423.85       
-RECORD 72-------------------------
 c_last_name      |                
 c_first_name     |                
 ca_city          | Greenwood      
 bought_city      | Macedonia      
 ss_ticket_number | 133102         
 amt              | 0.00           
 profit           | -2193.62       
-RECORD 73-------------------------
 c_last_name      |                
 c_first_name     |                
 ca_city          | Hamilton       
 bought_city      | Cedar          
 ss_ticket_number | 112720         
 amt              | 201.76         
 profit           | -11031.54      
-RECORD 74-------------------------
 c_last_name      |                
 c_first_name     |                
 ca_city          | Hamilton       
 bought_city      | Liberty        
 ss_ticket_number | 121398         
 amt              | 536.72         
 profit           | -8979.34       
-RECORD 75-------------------------
 c_last_name      |                
 c_first_name     |                
 ca_city          | Hamilton       
 bought_city      | Valley View    
 ss_ticket_number | 161021         
 amt              | 222.62         
 profit           | -14659.54      
-RECORD 76-------------------------
 c_last_name      |                
 c_first_name     |                
 ca_city          | Hardy          
 bought_city      | Unionville     
 ss_ticket_number | 193341         
 amt              | 5110.44        
 profit           | -14494.71      
-RECORD 77-------------------------
 c_last_name      |                
 c_first_name     |                
 ca_city          | Harmony        
 bought_city      | Bethel         
 ss_ticket_number | 77060          
 amt              | 5652.18        
 profit           | -15038.44      
-RECORD 78-------------------------
 c_last_name      |                
 c_first_name     |                
 ca_city          | Highland Park  
 bought_city      | Salem          
 ss_ticket_number | 69302          
 amt              | 1868.14        
 profit           | -9374.04       
-RECORD 79-------------------------
 c_last_name      |                
 c_first_name     |                
 ca_city          | Hillcrest      
 bought_city      | Valley View    
 ss_ticket_number | 218569         
 amt              | 1675.85        
 profit           | 1324.33        
-RECORD 80-------------------------
 c_last_name      |                
 c_first_name     |                
 ca_city          | Hopewell       
 bought_city      | Centerville    
 ss_ticket_number | 17403          
 amt              | 0.00           
 profit           | -6426.77       
-RECORD 81-------------------------
 c_last_name      |                
 c_first_name     |                
 ca_city          | Jackson        
 bought_city      | Springdale     
 ss_ticket_number | 72874          
 amt              | 32.49          
 profit           | -3297.92       
-RECORD 82-------------------------
 c_last_name      |                
 c_first_name     |                
 ca_city          | Jackson        
 bought_city      | Union Hill     
 ss_ticket_number | 114590         
 amt              | 6854.05        
 profit           | -10691.19      
-RECORD 83-------------------------
 c_last_name      |                
 c_first_name     |                
 ca_city          | Jackson        
 bought_city      | Union Hill     
 ss_ticket_number | 181398         
 amt              | 1.53           
 profit           | -2517.92       
-RECORD 84-------------------------
 c_last_name      |                
 c_first_name     |                
 ca_city          | Kingston       
 bought_city      | Clinton        
 ss_ticket_number | 169584         
 amt              | 14529.68       
 profit           | -33013.98      
-RECORD 85-------------------------
 c_last_name      |                
 c_first_name     |                
 ca_city          | Lakeview       
 bought_city      |                
 ss_ticket_number | 65375          
 amt              | 123.96         
 profit           | -5494.33       
-RECORD 86-------------------------
 c_last_name      |                
 c_first_name     |                
 ca_city          | Lakeview       
 bought_city      | Richville      
 ss_ticket_number | 165849         
 amt              | 0.00           
 profit           | -25580.39      
-RECORD 87-------------------------
 c_last_name      |                
 c_first_name     |                
 ca_city          | Lakewood       
 bought_city      | Arlington      
 ss_ticket_number | 113298         
 amt              | 5265.99        
 profit           | -6933.54       
-RECORD 88-------------------------
 c_last_name      |                
 c_first_name     |                
 ca_city          | Lakewood       
 bought_city      | Bridgeport     
 ss_ticket_number | 169124         
 amt              | 1332.90        
 profit           | -11714.51      
-RECORD 89-------------------------
 c_last_name      |                
 c_first_name     |                
 ca_city          | Lakewood       
 bought_city      | Spring Hill    
 ss_ticket_number | 144979         
 amt              | 4075.69        
 profit           | -7995.34       
-RECORD 90-------------------------
 c_last_name      |                
 c_first_name     |                
 ca_city          | Lawrenceville  
 bought_city      | Bunker Hill    
 ss_ticket_number | 237291         
 amt              | 9583.05        
 profit           | -5869.08       
-RECORD 91-------------------------
 c_last_name      |                
 c_first_name     |                
 ca_city          | Lebanon        
 bought_city      | Pomona         
 ss_ticket_number | 55371          
 amt              | 11413.39       
 profit           | -9108.39       
-RECORD 92-------------------------
 c_last_name      |                
 c_first_name     |                
 ca_city          | Lewis          
 bought_city      | Red Hill       
 ss_ticket_number | 43196          
 amt              | 0.00           
 profit           | -4774.25       
-RECORD 93-------------------------
 c_last_name      |                
 c_first_name     |                
 ca_city          | Liberty        
 bought_city      | Spring Hill    
 ss_ticket_number | 95200          
 amt              | 703.30         
 profit           | -6668.63       
-RECORD 94-------------------------
 c_last_name      |                
 c_first_name     |                
 ca_city          | Lincoln        
 bought_city      | Mount Olive    
 ss_ticket_number | 148878         
 amt              | 1735.15        
 profit           | -4123.35       
-RECORD 95-------------------------
 c_last_name      |                
 c_first_name     |                
 ca_city          | Lincoln        
 bought_city      | Shiloh         
 ss_ticket_number | 152927         
 amt              | 475.43         
 profit           | -9245.75       
-RECORD 96-------------------------
 c_last_name      |                
 c_first_name     |                
 ca_city          | Ludlow         
 bought_city      | Shiloh         
 ss_ticket_number | 150308         
 amt              | 0.00           
 profit           | 2815.96        
-RECORD 97-------------------------
 c_last_name      |                
 c_first_name     |                
 ca_city          | Macedonia      
 bought_city      | Summerville    
 ss_ticket_number | 96898          
 amt              | 190.19         
 profit           | -5906.64       
-RECORD 98-------------------------
 c_last_name      |                
 c_first_name     |                
 ca_city          | Maple Grove    
 bought_city      | Hardy          
 ss_ticket_number | 94091          
 amt              | 74.16          
 profit           | -730.04        
-RECORD 99-------------------------
 c_last_name      |                
 c_first_name     |                
 ca_city          | Maple Grove    
 bought_city      | Waterloo       
 ss_ticket_number | 225826         
 amt              | 3816.54        
 profit           | -8655.39
           