-- Automatically generated by TPCDSQueryValidator$
-RECORD 0---------------------------
 item_id     | AAAAAAAACNGBAAAA     
 ss_item_rev | 1900.15              
 ss_dev      | 11.14995684133749018 
 cs_item_rev | 1950.92              
 cs_dev      | 11.44787190532438825 
 ws_item_rev | 1829.52              
 ws_dev      | 10.73550458667145490 
 average     | 1893.530000          
-RECORD 1---------------------------
 item_id     | AAAAAAAAIDOAAAAA     
 ss_item_rev | 6605.22              
 ss_dev      | 11.57482467484675478 
 cs_item_rev | 6078.33              
 cs_dev      | 10.65151562943570009 
 ws_item_rev | 6338.25              
 ws_dev      | 11.10699302905087847 
 average     | 6340.600000          
-RECORD 2---------------------------
 item_id     | AAAAAAAAJMFCAAAA     
 ss_item_rev | 3608.52              
 ss_dev      | 11.45037368595909874 
 cs_item_rev | 3590.47              
 cs_dev      | 11.39309833622248602 
 ws_item_rev | 3305.82              
 ws_dev      | 10.48986131115174858 
 average     | 3501.603333
           