-- Automatically generated by TPCDSQueryValidator$
-RECORD 0----
 state | AK  
 cnt   | 10  
-RECORD 1----
 state | MA  
 cnt   | 10  
-RECORD 2----
 state | AZ  
 cnt   | 11  
-RECORD 3----
 state | ME  
 cnt   | 13  
-RECORD 4----
 state | VT  
 cnt   | 14  
-RECORD 5----
 state | NV  
 cnt   | 15  
-RECORD 6----
 state | NH  
 cnt   | 16  
-RECORD 7----
 state | UT  
 cnt   | 18  
-RECORD 8----
 state | MD  
 cnt   | 22  
-RECORD 9----
 state | NJ  
 cnt   | 22  
-RECORD 10---
 state | WY  
 cnt   | 25  
-RECORD 11---
 state | NM  
 cnt   | 26  
-RECORD 12---
 state | OR  
 cnt   | 31  
-RECORD 13---
 state | ND  
 cnt   | 38  
-RECORD 14---
 state | WA  
 cnt   | 38  
-RECORD 15---
 state | ID  
 cnt   | 39  
-RECORD 16---
 state | SC  
 cnt   | 45  
-RECORD 17---
 state | WV  
 cnt   | 50  
-RECORD 18---
 state | FL  
 cnt   | 51  
-RECORD 19---
 state | MT  
 cnt   | 53  
-RECORD 20---
 state | OK  
 cnt   | 53  
-RECORD 21---
 state | NY  
 cnt   | 58  
-RECORD 22---
 state | AR  
 cnt   | 58  
-RECORD 23---
 state | CO  
 cnt   | 59  
-RECORD 24---
 state | PA  
 cnt   | 62  
-RECORD 25---
 state | LA  
 cnt   | 63  
-RECORD 26---
 state | AL  
 cnt   | 63  
-RECORD 27---
 state | SD  
 cnt   | 70  
-RECORD 28---
 state | WI  
 cnt   | 81  
-RECORD 29---
 state |     
 cnt   | 82  
-RECORD 30---
 state | NC  
 cnt   | 82  
-RECORD 31---
 state | MS  
 cnt   | 83  
-RECORD 32---
 state | MI  
 cnt   | 83  
-RECORD 33---
 state | CA  
 cnt   | 84  
-RECORD 34---
 state | MN  
 cnt   | 85  
-RECORD 35---
 state | MO  
 cnt   | 88  
-RECORD 36---
 state | IL  
 cnt   | 95  
-RECORD 37---
 state | TN  
 cnt   | 103 
-RECORD 38---
 state | IN  
 cnt   | 103 
-RECORD 39---
 state | IA  
 cnt   | 103 
-RECORD 40---
 state | KY  
 cnt   | 104 
-RECORD 41---
 state | OH  
 cnt   | 114 
-RECORD 42---
 state | NE  
 cnt   | 114 
-RECORD 43---
 state | VA  
 cnt   | 131 
-RECORD 44---
 state | KS  
 cnt   | 140 
-RECORD 45---
 state | GA  
 cnt   | 168 
-RECORD 46---
 state | TX  
 cnt   | 217
           